<?xml version="1.0" encoding="UTF-8"?>
<!-- Generated by org.testng.reporters.JUnitXMLReporter -->
<testsuite ignored="0" hostname="DESKTOP-F52EDBA" failures="0" tests="3" name="Default test" time="0.072" errors="0" timestamp="2022-12-27T14:44:34 IST">
  <testcase classname="testNG.DependsOnMethodsPracticeTest" name="test1" time="0.012"/>
  <testcase classname="testNG.DependsOnMethodsPracticeTest" name="test2" time="0.003"/>
  <testcase classname="testNG.DependsOnMethodsPracticeTest" name="test3" time="0.002"/>
</testsuite> <!-- Default test -->
