<?xml version="1.0" encoding="UTF-8"?>
<!-- Generated by org.testng.reporters.JUnitXMLReporter -->
<testsuite ignored="5" hostname="DESKTOP-F52EDBA" failures="0" tests="4" name="Test" time="0.093" errors="0" timestamp="2022-12-27T15:59:19 IST">
  <testcase classname="groupExecution.ThirdTest" name="third2Test" time="0.011"/>
  <testcase classname="groupExecution.FirstTest" name="first2Test" time="0.002"/>
  <testcase classname="groupExecution.FirstTest" name="first3Test" time="0.002"/>
  <testcase classname="groupExecution.SecondTest" name="second2Test" time="0.002"/>
  <testcase classname="groupExecution.SecondTest" name="second1Test" time="0.0">
    <ignored/>
  </testcase> <!-- second1Test -->
  <testcase classname="groupExecution.ThirdTest" name="third1Test" time="0.0">
    <ignored/>
  </testcase> <!-- third1Test -->
  <testcase classname="groupExecution.SecondTest" name="second3Test" time="0.0">
    <ignored/>
  </testcase> <!-- second3Test -->
  <testcase classname="groupExecution.FirstTest" name="first1Test" time="0.0">
    <ignored/>
  </testcase> <!-- first1Test -->
  <testcase classname="groupExecution.ThirdTest" name="third3Test" time="0.0">
    <ignored/>
  </testcase> <!-- third3Test -->
</testsuite> <!-- Test -->
