<?xml version="1.0" encoding="UTF-8"?>
<!-- Generated by org.testng.reporters.JUnitXMLReporter -->
<testsuite ignored="3" hostname="DESKTOP-F52EDBA" failures="0" tests="1" name="Test" time="0.071" errors="0" timestamp="2022-12-28T14:21:03 IST">
  <testcase classname="unitRegressionTesting.Practice1" name="practice3" time="0.013"/>
  <testcase classname="unitRegressionTesting.Practice1" name="practice4" time="0.0">
    <ignored/>
  </testcase> <!-- practice4 -->
  <testcase classname="unitRegressionTesting.Practice1" name="practice2" time="0.0">
    <ignored/>
  </testcase> <!-- practice2 -->
  <testcase classname="unitRegressionTesting.Practice1" name="practice1" time="0.0">
    <ignored/>
  </testcase> <!-- practice1 -->
</testsuite> <!-- Test -->
