<?xml version="1.0" encoding="UTF-8"?>
<testng-results ignored="0" total="1" passed="1" failed="0" skipped="0">
  <reporter-output>
  </reporter-output>
  <suite started-at="2023-01-05T16:23:38 IST" name="Default suite" finished-at="2023-01-05T16:23:47 IST" duration-ms="9364">
    <groups>
    </groups>
    <test started-at="2023-01-05T16:23:38 IST" name="Default test" finished-at="2023-01-05T16:23:47 IST" duration-ms="9364">
      <class name="mavenCMDPractice.MavenCMDParametersTest">
        <test-method signature="vtigerLoginTest()[pri:0, instance:mavenCMDPractice.MavenCMDParametersTest@47987356]" started-at="2023-01-05T16:23:38 IST" name="vtigerLoginTest" finished-at="2023-01-05T16:23:47 IST" duration-ms="9315" status="PASS">
          <reporter-output>
          </reporter-output>
        </test-method> <!-- vtigerLoginTest -->
      </class> <!-- mavenCMDPractice.MavenCMDParametersTest -->
    </test> <!-- Default test -->
  </suite> <!-- Default suite -->
</testng-results>
